1466469907.802243 client started (33060): socket /private/tmp/tmux-501/default, protocol 8
1466469907.802306 on Darwin 15.5.0 Darwin Kernel Version 15.5.0: Tue Apr 19 18:36:36 PDT 2016; root:xnu-3248.50.21~8/RELEASE_X86_64; libevent 2.0.22-stable (kqueue)
1466469907.802345 socket is /private/tmp/tmux-501/default
1466469907.802359 trying connect
1466469907.802425 add peer 0x7ff1a8807000: 5 (0x0)
1466469907.803361 sending message 100 to peer 0x7ff1a8807000 (4 bytes)
1466469907.803373 sending message 101 to peer 0x7ff1a8807000 (16 bytes)
1466469907.803378 sending message 102 to peer 0x7ff1a8807000 (13 bytes)
1466469907.803381 sending message 108 to peer 0x7ff1a8807000 (30 bytes)
1466469907.803391 sending message 104 to peer 0x7ff1a8807000 (0 bytes)
1466469907.803395 sending message 107 to peer 0x7ff1a8807000 (4 bytes)
1466469907.803398 sending message 105 to peer 0x7ff1a8807000 (76 bytes)
1466469907.803401 sending message 105 to peer 0x7ff1a8807000 (29 bytes)
1466469907.803405 sending message 105 to peer 0x7ff1a8807000 (35 bytes)
1466469907.803408 sending message 105 to peer 0x7ff1a8807000 (31 bytes)
1466469907.803414 sending message 105 to peer 0x7ff1a8807000 (65 bytes)
1466469907.803418 sending message 105 to peer 0x7ff1a8807000 (31 bytes)
1466469907.803421 sending message 105 to peer 0x7ff1a8807000 (32 bytes)
1466469907.803424 sending message 105 to peer 0x7ff1a8807000 (22 bytes)
1466469907.803427 sending message 105 to peer 0x7ff1a8807000 (76 bytes)
1466469907.803430 sending message 105 to peer 0x7ff1a8807000 (29 bytes)
1466469907.803434 sending message 105 to peer 0x7ff1a8807000 (32 bytes)
1466469907.803437 sending message 105 to peer 0x7ff1a8807000 (27 bytes)
1466469907.803440 sending message 105 to peer 0x7ff1a8807000 (48 bytes)
1466469907.803443 sending message 105 to peer 0x7ff1a8807000 (31 bytes)
1466469907.803446 sending message 105 to peer 0x7ff1a8807000 (59 bytes)
1466469907.803449 sending message 105 to peer 0x7ff1a8807000 (26 bytes)
1466469907.803453 sending message 105 to peer 0x7ff1a8807000 (54 bytes)
1466469907.803456 sending message 105 to peer 0x7ff1a8807000 (27 bytes)
1466469907.803459 sending message 105 to peer 0x7ff1a8807000 (23 bytes)
1466469907.803462 sending message 105 to peer 0x7ff1a8807000 (41 bytes)
1466469907.803465 sending message 105 to peer 0x7ff1a8807000 (28 bytes)
1466469907.803468 sending message 105 to peer 0x7ff1a8807000 (49 bytes)
1466469907.803471 sending message 105 to peer 0x7ff1a8807000 (38 bytes)
1466469907.803474 sending message 105 to peer 0x7ff1a8807000 (14 bytes)
1466469907.803478 sending message 105 to peer 0x7ff1a8807000 (37 bytes)
1466469907.803481 sending message 105 to peer 0x7ff1a8807000 (14 bytes)
1466469907.803484 sending message 105 to peer 0x7ff1a8807000 (11 bytes)
1466469907.803487 sending message 105 to peer 0x7ff1a8807000 (25 bytes)
1466469907.803490 sending message 105 to peer 0x7ff1a8807000 (41 bytes)
1466469907.803493 sending message 105 to peer 0x7ff1a8807000 (42 bytes)
1466469907.803496 sending message 105 to peer 0x7ff1a8807000 (34 bytes)
1466469907.803499 sending message 105 to peer 0x7ff1a8807000 (22 bytes)
1466469907.803502 sending message 105 to peer 0x7ff1a8807000 (61 bytes)
1466469907.803506 sending message 105 to peer 0x7ff1a8807000 (15 bytes)
1466469907.803509 sending message 105 to peer 0x7ff1a8807000 (34 bytes)
1466469907.803512 sending message 105 to peer 0x7ff1a8807000 (21 bytes)
1466469907.803515 sending message 105 to peer 0x7ff1a8807000 (32 bytes)
1466469907.803520 sending message 105 to peer 0x7ff1a8807000 (104 bytes)
1466469907.803524 sending message 105 to peer 0x7ff1a8807000 (509 bytes)
1466469907.803527 sending message 105 to peer 0x7ff1a8807000 (12 bytes)
1466469907.803531 sending message 105 to peer 0x7ff1a8807000 (39 bytes)
1466469907.803534 sending message 105 to peer 0x7ff1a8807000 (52 bytes)
1466469907.803537 sending message 105 to peer 0x7ff1a8807000 (34 bytes)
1466469907.803540 sending message 105 to peer 0x7ff1a8807000 (28 bytes)
1466469907.803543 sending message 105 to peer 0x7ff1a8807000 (30 bytes)
1466469907.803546 sending message 105 to peer 0x7ff1a8807000 (24 bytes)
1466469907.803560 sending message 105 to peer 0x7ff1a8807000 (34 bytes)
1466469907.803564 sending message 105 to peer 0x7ff1a8807000 (8 bytes)
1466469907.803567 sending message 105 to peer 0x7ff1a8807000 (66 bytes)
1466469907.803570 sending message 105 to peer 0x7ff1a8807000 (21 bytes)
1466469907.803573 sending message 105 to peer 0x7ff1a8807000 (23 bytes)
1466469907.803576 sending message 105 to peer 0x7ff1a8807000 (27 bytes)
1466469907.803580 sending message 105 to peer 0x7ff1a8807000 (60 bytes)
1466469907.803583 sending message 105 to peer 0x7ff1a8807000 (57 bytes)
1466469907.803586 sending message 105 to peer 0x7ff1a8807000 (43 bytes)
1466469907.803589 sending message 105 to peer 0x7ff1a8807000 (13 bytes)
1466469907.803592 sending message 105 to peer 0x7ff1a8807000 (18 bytes)
1466469907.803595 sending message 105 to peer 0x7ff1a8807000 (14 bytes)
1466469907.803598 sending message 105 to peer 0x7ff1a8807000 (19 bytes)
1466469907.803602 sending message 105 to peer 0x7ff1a8807000 (34 bytes)
1466469907.803605 sending message 105 to peer 0x7ff1a8807000 (31 bytes)
1466469907.803608 sending message 105 to peer 0x7ff1a8807000 (38 bytes)
1466469907.803611 sending message 105 to peer 0x7ff1a8807000 (37 bytes)
1466469907.803614 sending message 105 to peer 0x7ff1a8807000 (33 bytes)
1466469907.803618 sending message 106 to peer 0x7ff1a8807000 (0 bytes)
1466469907.803624 sending message 200 to peer 0x7ff1a8807000 (4 bytes)
1466469907.803627 client loop enter
1466469907.804711 peer 0x7ff1a8807000 message 211
1466469907.804732 peer 0x7ff1a8807000 message 203
1466469907.804740 client loop exit
